[2023-12-23 18:34:37] info: 	Hello world!
[2023-12-23 18:34:37] error: 	Hello world!
[2023-12-23 18:34:37] info: 	[object Object]
[2023-12-23 18:35:10] info: 	Hello world!
[2023-12-23 18:35:10] error: 	Hello world!
[2023-12-23 18:35:10] info: 	[object Object]
[2023-12-23 18:35:29] info: 	Hello world!
[2023-12-23 18:35:29] error: 	Hello world!
[2023-12-23 18:35:29] info: 	[object Object]
[2023-12-23 18:35:43] info: 	Hello world!
[2023-12-23 18:35:43] error: 	Hello world!
[2023-12-23 18:35:43] info: 	[object Object]
[2023-12-23 18:35:51] info: 	Hello world!
[2023-12-23 18:35:51] error: 	Hello world!
[2023-12-23 18:35:51] info: 	[object Object]
[2023-12-23 18:35:57] info: 	Hello world!
[2023-12-23 18:35:57] error: 	Hello world!
[2023-12-23 18:35:57] info: 	[object Object]
{"level":"info","message":"\tHello world!","timestamp":"2023-12-23 18:39:24"}
{"level":"error","message":"\tHello world!","timestamp":"2023-12-23 18:39:24"}
{"level":"info","message":"\t[object Object]","timestamp":"2023-12-23 18:39:24"}
